<?xml version="1.0" encoding="UTF-8"?>
<!-- Generated by org.testng.reporters.JUnitXMLReporter -->
<testsuite hostname="DESKTOP-F9DLUB6" ignored="0" name="Test" tests="1" failures="1" timestamp="25 Jul 2017 03:33:19 GMT" time="8.188" errors="0">
  <testcase name="test" time="8.173" classname="smoketest.smokesz">
    <failure type="org.openqa.selenium.WebDriverException" message="Reached error page: about:neterror?e=connectionFailure&amp;amp;u=http%3A//10.1.10.93%3A9090/CounterWebApp/&amp;amp;c=UTF-8&amp;amp;f=regular&amp;amp;d=Firefox%20can%E2%80%99t%20establish%20a%20connection%20to%20the%20server%20at%2010.1.10.93%3A9090.
Build info: version: &amp;apos;3.4.0&amp;apos;, revision: &amp;apos;unknown&amp;apos;, time: &amp;apos;unknown&amp;apos;
System info: host: &amp;apos;DESKTOP-F9DLUB6&amp;apos;, ip: &amp;apos;192.168.99.1&amp;apos;, os.name: &amp;apos;Windows 10&amp;apos;, os.arch: &amp;apos;amd64&amp;apos;, os.version: &amp;apos;10.0&amp;apos;, java.version: &amp;apos;1.8.0_121&amp;apos;
Driver info: org.openqa.selenium.firefox.FirefoxDriver
Capabilities [{moz:profile=C:\WINDOWS\TEMP\rust_mozprofile.8NYX1FbWRtDM, rotatable=false, timeouts={implicit=0.0, pageLoad=300000.0, script=30000.0}, pageLoadStrategy=normal, platform=ANY, specificationLevel=0.0, moz:accessibilityChecks=false, acceptInsecureCerts=false, browserVersion=54.0.1, platformVersion=10.0, moz:processID=9900.0, browserName=firefox, javascriptEnabled=true, platformName=windows_nt}]
Session ID: 46489bf4-0036-4d8d-9499-fd8a65569e0d">
      <![CDATA[org.openqa.selenium.WebDriverException: Reached error page: about:neterror?e=connectionFailure&u=http%3A//10.1.10.93%3A9090/CounterWebApp/&c=UTF-8&f=regular&d=Firefox%20can%E2%80%99t%20establish%20a%20connection%20to%20the%20server%20at%2010.1.10.93%3A9090.
Build info: version: '3.4.0', revision: 'unknown', time: 'unknown'
System info: host: 'DESKTOP-F9DLUB6', ip: '192.168.99.1', os.name: 'Windows 10', os.arch: 'amd64', os.version: '10.0', java.version: '1.8.0_121'
Driver info: org.openqa.selenium.firefox.FirefoxDriver
Capabilities [{moz:profile=C:\WINDOWS\TEMP\rust_mozprofile.8NYX1FbWRtDM, rotatable=false, timeouts={implicit=0.0, pageLoad=300000.0, script=30000.0}, pageLoadStrategy=normal, platform=ANY, specificationLevel=0.0, moz:accessibilityChecks=false, acceptInsecureCerts=false, browserVersion=54.0.1, platformVersion=10.0, moz:processID=9900.0, browserName=firefox, javascriptEnabled=true, platformName=windows_nt}]
Session ID: 46489bf4-0036-4d8d-9499-fd8a65569e0d
	at org.openqa.selenium.remote.http.W3CHttpResponseCodec.createException(W3CHttpResponseCodec.java:150)
	at org.openqa.selenium.remote.http.W3CHttpResponseCodec.decode(W3CHttpResponseCodec.java:115)
	at org.openqa.selenium.remote.http.W3CHttpResponseCodec.decode(W3CHttpResponseCodec.java:45)
	at org.openqa.selenium.remote.HttpCommandExecutor.execute(HttpCommandExecutor.java:164)
	at org.openqa.selenium.remote.service.DriverCommandExecutor.execute(DriverCommandExecutor.java:82)
	at org.openqa.selenium.remote.RemoteWebDriver.execute(RemoteWebDriver.java:637)
	at org.openqa.selenium.remote.RemoteWebDriver.get(RemoteWebDriver.java:364)
	at smoketest.CommonMethods.navigateURL(CommonMethods.java:120)
	at smoketest.smokesz.test(smokesz.java:19)
... Removed 28 stack frames]]>
    </failure>
  </testcase> <!-- test -->
</testsuite> <!-- Test -->
