<?xml version="1.0" encoding="UTF-8"?>
<testng-results skipped="0" failed="0" ignored="0" total="1" passed="1">
  <reporter-output>
  </reporter-output>
  <suite name="Default suite" duration-ms="7737" started-at="2017-07-25T03:47:45Z" finished-at="2017-07-25T03:47:53Z">
    <groups>
      <group name="Smoke Test">
        <method signature="smokesz.test()[pri:0, instance:smoketest.smokesz@2669b199]" name="test" class="smoketest.smokesz"/>
      </group> <!-- Smoke Test -->
    </groups>
    <test name="Default test" duration-ms="7737" started-at="2017-07-25T03:47:45Z" finished-at="2017-07-25T03:47:53Z">
      <class name="smoketest.smokesz">
        <test-method status="PASS" signature="test()[pri:0, instance:smoketest.smokesz@2669b199]" name="test" duration-ms="7721" started-at="2017-07-24T20:47:45Z" finished-at="2017-07-24T20:47:53Z">
          <reporter-output>
          </reporter-output>
        </test-method> <!-- test -->
      </class> <!-- smoketest.smokesz -->
    </test> <!-- Default test -->
  </suite> <!-- Default suite -->
</testng-results>
